<?xml version="1.0" encoding="UTF-8"?>
<!-- Generated by org.testng.reporters.JUnitXMLReporter -->
<testsuite ignored="12" hostname="DESKTOP-2N5E42V" failures="1" tests="6" name="Surefire test" time="49.116" errors="0" timestamp="2025-02-11T07:32:22 EET">
  <testcase classname="com.qacart.todo.testcases.AddTodoCookiesTest" name="addTodoItem" time="11.908"/>
  <testcase classname="com.qacart.todo.testcases.DeleteTodoItemIndependentTest" name="checkAbleToDeleteTodoTask2" time="4.129"/>
  <testcase classname="com.qacart.todo.testcases.DependOnUserStateDeleteTodoTest" name="checkAbleToDeleteTodoTask" time="6.992"/>
  <testcase classname="com.qacart.todo.testcases.LoginTest" name="shouldBeAbleLoginWithEmailAndPassword" time="2.772"/>
  <testcase classname="com.qacart.todo.testcases.RegisterTest" name="registerWithValidCredentials" time="3.199"/>
  <testcase classname="com.qacart.todo.testcases.TodoTest" name="addTodoItem" time="0.692">
    <failure type="java.lang.RuntimeException" message="something went wrong in the request ">
      <![CDATA[java.lang.RuntimeException: something went wrong in the request 
at com.qacart.todo.api.RegisterApi.register(RegisterApi.java:53)
at com.qacart.todo.testcases.TodoTest.addTodoItem(TodoTest.java:22)
at java.base/java.util.ArrayList.forEach(ArrayList.java:1511)
... Removed 30 stack frames]]>
    </failure>
  </testcase> <!-- addTodoItem -->
  <testcase classname="com.qacart.todo.base.BaseTest" name="@BeforeSuite setUpReport" time="0.0">
    <ignored/>
  </testcase> <!-- @BeforeSuite setUpReport -->
  <testcase classname="com.qacart.todo.base.BaseTest" name="@AfterSuite tearDownReport" time="0.0">
    <ignored/>
  </testcase> <!-- @AfterSuite tearDownReport -->
  <testcase classname="com.qacart.todo.base.BaseTest" name="@BeforeSuite setUpReport" time="0.0">
    <ignored/>
  </testcase> <!-- @BeforeSuite setUpReport -->
  <testcase classname="com.qacart.todo.base.BaseTest" name="@BeforeSuite setUpReport" time="0.0">
    <ignored/>
  </testcase> <!-- @BeforeSuite setUpReport -->
  <testcase classname="com.qacart.todo.base.BaseTest" name="@BeforeSuite setUpReport" time="0.0">
    <ignored/>
  </testcase> <!-- @BeforeSuite setUpReport -->
  <testcase classname="com.qacart.todo.base.BaseTest" name="@AfterSuite tearDownReport" time="0.0">
    <ignored/>
  </testcase> <!-- @AfterSuite tearDownReport -->
  <testcase classname="com.qacart.todo.base.BaseTest" name="@BeforeSuite setUpReport" time="0.0">
    <ignored/>
  </testcase> <!-- @BeforeSuite setUpReport -->
  <testcase classname="com.qacart.todo.base.BaseTest" name="@AfterSuite tearDownReport" time="0.0">
    <ignored/>
  </testcase> <!-- @AfterSuite tearDownReport -->
  <testcase classname="com.qacart.todo.base.BaseTest" name="@AfterSuite tearDownReport" time="0.0">
    <ignored/>
  </testcase> <!-- @AfterSuite tearDownReport -->
  <testcase classname="com.qacart.todo.base.BaseTest" name="@AfterSuite tearDownReport" time="0.0">
    <ignored/>
  </testcase> <!-- @AfterSuite tearDownReport -->
  <testcase classname="com.qacart.todo.base.BaseTest" name="@BeforeSuite setUpReport" time="0.0">
    <ignored/>
  </testcase> <!-- @BeforeSuite setUpReport -->
  <testcase classname="com.qacart.todo.base.BaseTest" name="@AfterSuite tearDownReport" time="0.0">
    <ignored/>
  </testcase> <!-- @AfterSuite tearDownReport -->
</testsuite> <!-- Surefire test -->
